<?xml version="1.0" encoding="UTF-8"?>
<testng-results skipped="0" failed="0" ignored="0" total="2" passed="2">
  <reporter-output>
  </reporter-output>
  <suite name="Default suite" duration-ms="69" started-at="2020-04-16T16:43:54 IST" finished-at="2020-04-16T16:43:54 IST">
    <groups>
    </groups>
    <test name="Default test" duration-ms="69" started-at="2020-04-16T16:43:54 IST" finished-at="2020-04-16T16:43:54 IST">
      <class name="Sum.Sum.Open">
        <test-method status="PASS" signature="hyy()[pri:0, instance:Sum.Sum.Open@6c3708b3]" name="hyy" is-config="true" duration-ms="18" started-at="2020-04-16T16:43:54 IST" finished-at="2020-04-16T16:43:54 IST">
          <reporter-output>
          </reporter-output>
        </test-method> <!-- hyy -->
        <test-method status="PASS" signature="hhh()[pri:0, instance:Sum.Sum.Open@6c3708b3]" name="hhh" duration-ms="7" started-at="2020-04-16T16:43:54 IST" finished-at="2020-04-16T16:43:54 IST">
          <reporter-output>
          </reporter-output>
        </test-method> <!-- hhh -->
        <test-method status="PASS" signature="kk()[pri:0, instance:Sum.Sum.Open@6c3708b3]" name="kk" duration-ms="3" started-at="2020-04-16T16:43:54 IST" finished-at="2020-04-16T16:43:54 IST">
          <reporter-output>
          </reporter-output>
        </test-method> <!-- kk -->
      </class> <!-- Sum.Sum.Open -->
    </test> <!-- Default test -->
  </suite> <!-- Default suite -->
</testng-results>
